0 info it worked if it ends with ok
1 verbose cli [ 'node',
1 verbose cli   '/usr/local/bin/npm',
1 verbose cli   'install',
1 verbose cli   '--save',
1 verbose cli   'body-parcer' ]
2 info using npm@1.5.0-alpha-1
3 info using node@v0.10.29
4 verbose node symlink /usr/local/bin/node
5 verbose readDependencies using package.json deps
6 verbose cache add [ 'body-parcer', null ]
7 verbose cache add spec="body-parcer" args=["body-parcer",null]
8 verbose parsed spec { raw: 'body-parcer',
8 verbose parsed spec   scope: null,
8 verbose parsed spec   name: 'body-parcer',
8 verbose parsed spec   rawSpec: '',
8 verbose parsed spec   spec: '*',
8 verbose parsed spec   type: 'range' }
9 verbose addNamed [ 'body-parcer', '*' ]
10 verbose addNamed [ null, '*' ]
11 silly lockFile a616c9d4-body-parcer body-parcer@*
12 verbose lock body-parcer@* /Users/rbclothing/.npm/a616c9d4-body-parcer.lock
13 silly addNameRange { name: 'body-parcer', range: '*', hasData: false }
14 verbose mapToRegistry name body-parcer
15 verbose mapToRegistry uri https://registry.npmjs.org/body-parcer
16 verbose request where is /body-parcer
17 verbose request registry https://registry.npmjs.org/
18 verbose request id 0def43a2996db005
19 verbose request url raw /body-parcer
20 verbose request url resolving [ 'https://registry.npmjs.org/', './body-parcer' ]
21 verbose request url resolved https://registry.npmjs.org/body-parcer
22 verbose request where is https://registry.npmjs.org/body-parcer
23 verbose request no basic auth needed
24 info trying registry request attempt 1 at 20:11:50
25 http GET https://registry.npmjs.org/body-parcer
26 http 404 https://registry.npmjs.org/body-parcer
27 verbose headers { date: 'Tue, 29 Jul 2014 03:11:49 GMT',
27 verbose headers   server: 'CouchDB/1.5.0 (Erlang OTP/R16B03)',
27 verbose headers   'content-type': 'application/json',
27 verbose headers   'cache-control': 'max-age=0',
27 verbose headers   'content-length': '52',
27 verbose headers   'accept-ranges': 'bytes',
27 verbose headers   via: '1.1 varnish',
27 verbose headers   age: '0',
27 verbose headers   'x-served-by': 'cache-lax1421-LAX',
27 verbose headers   'x-cache': 'MISS',
27 verbose headers   'x-cache-hits': '0',
27 verbose headers   'x-timer': 'S1406603509.652022,VS0,VE44',
27 verbose headers   'keep-alive': 'timeout=10, max=50',
27 verbose headers   connection: 'Keep-Alive' }
28 silly registry.get cb [ 404,
28 silly registry.get   { date: 'Tue, 29 Jul 2014 03:11:49 GMT',
28 silly registry.get     server: 'CouchDB/1.5.0 (Erlang OTP/R16B03)',
28 silly registry.get     'content-type': 'application/json',
28 silly registry.get     'cache-control': 'max-age=0',
28 silly registry.get     'content-length': '52',
28 silly registry.get     'accept-ranges': 'bytes',
28 silly registry.get     via: '1.1 varnish',
28 silly registry.get     age: '0',
28 silly registry.get     'x-served-by': 'cache-lax1421-LAX',
28 silly registry.get     'x-cache': 'MISS',
28 silly registry.get     'x-cache-hits': '0',
28 silly registry.get     'x-timer': 'S1406603509.652022,VS0,VE44',
28 silly registry.get     'keep-alive': 'timeout=10, max=50',
28 silly registry.get     connection: 'Keep-Alive' } ]
29 silly lockFile a616c9d4-body-parcer body-parcer@*
30 silly lockFile a616c9d4-body-parcer body-parcer@*
31 error 404 404 Not Found: body-parcer
31 error 404
31 error 404 'body-parcer' is not in the npm registry.
31 error 404 You should bug the author to publish it
31 error 404 It was specified as a dependency of 'sequelize_blog_lab'
31 error 404
31 error 404 Note that you can also install from a
31 error 404 tarball, folder, or http url, or git url.
32 error System Darwin 13.3.0
33 error command "node" "/usr/local/bin/npm" "install" "--save" "body-parcer"
34 error cwd /Users/rbclothing/code/week_4/sequelize_blog_lab
35 error node -v v0.10.29
36 error npm -v 1.5.0-alpha-1
37 error code E404
38 verbose exit [ 1, true ]
